# JRE version: Java(TM) SE Runtime Environment (8.0_25-b18) (build 1.8.0_25-b18)
# Java VM: Java HotSpot(TM) 64-Bit Server VM (25.25-b02 mixed mode windows-amd64 compressed oops)
Heap:
 PSYoungGen      total 68608K, used 11667K [0x00000000ecc00000, 0x00000000f3980000, 0x0000000100000000)
  eden space 60928K, 14% used [0x00000000ecc00000,0x00000000ed4dcc10,0x00000000f0780000)
  from space 7680K, 33% used [0x00000000f0780000,0x00000000f0a08020,0x00000000f0f00000)
  to   space 7168K, 0% used [0x00000000f3280000,0x00000000f3280000,0x00000000f3980000)
 ParOldGen       total 39936K, used 14852K [0x00000000c6400000, 0x00000000c8b00000, 0x00000000ecc00000)
  object space 39936K, 37% used [0x00000000c6400000,0x00000000c7281290,0x00000000c8b00000)
 Metaspace       used 11096K, capacity 11218K, committed 11520K, reserved 1058816K
  class space    used 1156K, capacity 1185K, committed 1280K, reserved 1048576K
GC Heap History (10 events):
Event: 9.222 GC heap before
{Heap before GC invocations=5 (full 0):
 PSYoungGen      total 17408K, used 17381K [0x00000000ecc00000, 0x00000000eee00000, 0x0000000100000000)
  eden space 15360K, 100% used [0x00000000ecc00000,0x00000000edb00000,0x00000000edb00000)
  from space 2048K, 98% used [0x00000000edd00000,0x00000000edef9620,0x00000000edf00000)
  to   space 2048K, 0% used [0x00000000edb00000,0x00000000edb00000,0x00000000edd00000)
 ParOldGen       total 39936K, used 9746K [0x00000000c6400000, 0x00000000c8b00000, 0x00000000ecc00000)
  object space 39936K, 24% used [0x00000000c6400000,0x00000000c6d84b08,0x00000000c8b00000)
 Metaspace       used 9558K, capacity 9650K, committed 9856K, reserved 1058816K
  class space    used 978K, capacity 1025K, committed 1152K, reserved 1048576K
Event: 9.327 GC heap after
Heap after GC invocations=5 (full 0):
 PSYoungGen      total 17408K, used 2021K [0x00000000ecc00000, 0x00000000ef800000, 0x0000000100000000)
  eden space 15360K, 0% used [0x00000000ecc00000,0x00000000ecc00000,0x00000000edb00000)
  from space 2048K, 98% used [0x00000000edb00000,0x00000000edcf9620,0x00000000edd00000)
  to   space 7168K, 0% used [0x00000000ef100000,0x00000000ef100000,0x00000000ef800000)
 ParOldGen       total 39936K, used 12878K [0x00000000c6400000, 0x00000000c8b00000, 0x00000000ecc00000)
  object space 39936K, 32% used [0x00000000c6400000,0x00000000c7093b48,0x00000000c8b00000)
 Metaspace       used 9558K, capacity 9650K, committed 9856K, reserved 1058816K
  class space    used 978K, capacity 1025K, committed 1152K, reserved 1048576K
}
Event: 9.521 GC heap before
{Heap before GC invocations=6 (full 0):
 PSYoungGen      total 17408K, used 17381K [0x00000000ecc00000, 0x00000000ef800000, 0x0000000100000000)
  eden space 15360K, 100% used [0x00000000ecc00000,0x00000000edb00000,0x00000000edb00000)
  from space 2048K, 98% used [0x00000000edb00000,0x00000000edcf9620,0x00000000edd00000)
  to   space 7168K, 0% used [0x00000000ef100000,0x00000000ef100000,0x00000000ef800000)
 ParOldGen       total 39936K, used 12878K [0x00000000c6400000, 0x00000000c8b00000, 0x00000000ecc00000)
  object space 39936K, 32% used [0x00000000c6400000,0x00000000c7093b48,0x00000000c8b00000)
 Metaspace       used 9565K, capacity 9650K, committed 9856K, reserved 1058816K
  class space    used 978K, capacity 1025K, committed 1152K, reserved 1048576K
Event: 9.535 GC heap after
Heap after GC invocations=6 (full 0):
 PSYoungGen      total 37888K, used 1989K [0x00000000ecc00000, 0x00000000ef800000, 0x0000000100000000)
  eden space 30720K, 0% used [0x00000000ecc00000,0x00000000ecc00000,0x00000000eea00000)
  from space 7168K, 27% used [0x00000000ef100000,0x00000000ef2f1620,0x00000000ef800000)
  to   space 7168K, 0% used [0x00000000eea00000,0x00000000eea00000,0x00000000ef100000)
 ParOldGen       total 39936K, used 12886K [0x00000000c6400000, 0x00000000c8b00000, 0x00000000ecc00000)
  object space 39936K, 32% used [0x00000000c6400000,0x00000000c7095b48,0x00000000c8b00000)
 Metaspace       used 9565K, capacity 9650K, committed 9856K, reserved 1058816K
  class space    used 978K, capacity 1025K, committed 1152K, reserved 1048576K
}
Event: 10.066 GC heap before
{Heap before GC invocations=7 (full 0):
 PSYoungGen      total 37888K, used 32709K [0x00000000ecc00000, 0x00000000ef800000, 0x0000000100000000)
  eden space 30720K, 100% used [0x00000000ecc00000,0x00000000eea00000,0x00000000eea00000)
  from space 7168K, 27% used [0x00000000ef100000,0x00000000ef2f1620,0x00000000ef800000)
  to   space 7168K, 0% used [0x00000000eea00000,0x00000000eea00000,0x00000000ef100000)
 ParOldGen       total 39936K, used 12886K [0x00000000c6400000, 0x00000000c8b00000, 0x00000000ecc00000)
  object space 39936K, 32% used [0x00000000c6400000,0x00000000c7095b48,0x00000000c8b00000)
 Metaspace       used 9601K, capacity 9714K, committed 9856K, reserved 1058816K
  class space    used 979K, capacity 1025K, committed 1152K, reserved 1048576K
Event: 10.080 GC heap after
Heap after GC invocations=7 (full 0):
 PSYoungGen      total 37888K, used 3424K [0x00000000ecc00000, 0x00000000f1600000, 0x0000000100000000)
  eden space 30720K, 0% used [0x00000000ecc00000,0x00000000ecc00000,0x00000000eea00000)
  from space 7168K, 47% used [0x00000000eea00000,0x00000000eed58030,0x00000000ef100000)
  to   space 7168K, 0% used [0x00000000f0f00000,0x00000000f0f00000,0x00000000f1600000)
 ParOldGen       total 39936K, used 14726K [0x00000000c6400000, 0x00000000c8b00000, 0x00000000ecc00000)
  object space 39936K, 36% used [0x00000000c6400000,0x00000000c7261b68,0x00000000c8b00000)
 Metaspace       used 9601K, capacity 9714K, committed 9856K, reserved 1058816K
  class space    used 979K, capacity 1025K, committed 1152K, reserved 1048576K
}
Event: 11.417 GC heap before
{Heap before GC invocations=8 (full 0):
 PSYoungGen      total 37888K, used 31121K [0x00000000ecc00000, 0x00000000f1600000, 0x0000000100000000)
  eden space 30720K, 90% used [0x00000000ecc00000,0x00000000ee70c710,0x00000000eea00000)
  from space 7168K, 47% used [0x00000000eea00000,0x00000000eed58030,0x00000000ef100000)
  to   space 7168K, 0% used [0x00000000f0f00000,0x00000000f0f00000,0x00000000f1600000)
 ParOldGen       total 39936K, used 14726K [0x00000000c6400000, 0x00000000c8b00000, 0x00000000ecc00000)
  object space 39936K, 36% used [0x00000000c6400000,0x00000000c7261b68,0x00000000c8b00000)
 Metaspace       used 11069K, capacity 11154K, committed 11264K, reserved 1058816K
  class space    used 1151K, capacity 1185K, committed 1280K, reserved 1048576K
Event: 11.422 GC heap after
Heap after GC invocations=8 (full 0):
 PSYoungGen      total 68096K, used 475K [0x00000000ecc00000, 0x00000000f1700000, 0x0000000100000000)
  eden space 60928K, 0% used [0x00000000ecc00000,0x00000000ecc00000,0x00000000f0780000)
  from space 7168K, 6% used [0x00000000f0f00000,0x00000000f0f76fd0,0x00000000f1600000)
  to   space 7680K, 0% used [0x00000000f0780000,0x00000000f0780000,0x00000000f0f00000)
 ParOldGen       total 39936K, used 14828K [0x00000000c6400000, 0x00000000c8b00000, 0x00000000ecc00000)
  object space 39936K, 37% used [0x00000000c6400000,0x00000000c727b290,0x00000000c8b00000)
 Metaspace       used 11069K, capacity 11154K, committed 11264K, reserved 1058816K
  class space    used 1151K, capacity 1185K, committed 1280K, reserved 1048576K
}
Event: 12.904 GC heap before
{Heap before GC invocations=9 (full 0):
 PSYoungGen      total 68096K, used 61403K [0x00000000ecc00000, 0x00000000f1700000, 0x0000000100000000)
  eden space 60928K, 100% used [0x00000000ecc00000,0x00000000f0780000,0x00000000f0780000)
  from space 7168K, 6% used [0x00000000f0f00000,0x00000000f0f76fd0,0x00000000f1600000)
  to   space 7680K, 0% used [0x00000000f0780000,0x00000000f0780000,0x00000000f0f00000)
 ParOldGen       total 39936K, used 14828K [0x00000000c6400000, 0x00000000c8b00000, 0x00000000ecc00000)
  object space 39936K, 37% used [0x00000000c6400000,0x00000000c727b290,0x00000000c8b00000)
 Metaspace       used 11089K, capacity 11154K, committed 11264K, reserved 1058816K
  class space    used 1155K, capacity 1185K, committed 1280K, reserved 1048576K
Event: 12.911 GC heap after
Heap after GC invocations=9 (full 0):
 PSYoungGen      total 68608K, used 2592K [0x00000000ecc00000, 0x00000000f3980000, 0x0000000100000000)
  eden space 60928K, 0% used [0x00000000ecc00000,0x00000000ecc00000,0x00000000f0780000)
  from space 7680K, 33% used [0x00000000f0780000,0x00000000f0a08020,0x00000000f0f00000)
  to   space 7168K, 0% used [0x00000000f3280000,0x00000000f3280000,0x00000000f3980000)
 ParOldGen       total 39936K, used 14852K [0x00000000c6400000, 0x00000000c8b00000, 0x00000000ecc00000)
  object space 39936K, 37% used [0x00000000c6400000,0x00000000c7281290,0x00000000c8b00000)
 Metaspace       used 11089K, capacity 11154K, committed 11264K, reserved 1058816K
  class space    used 1155K, capacity 1185K, committed 1280K, reserved 1048576K
}

